[29-Jun-2017 14:06:03 UTC] PHP Fatal error:  Class 'Barryvdh¥Debugbar¥ServiceProvider' not found in /home/ubuntu/workspace/cms/vendor/laravel/framework/src/Illuminate/Foundation/ProviderRepository.php on line 146
[29-Jun-2017 14:06:03 UTC] PHP Stack trace:
[29-Jun-2017 14:06:03 UTC] PHP   1. {main}() /home/ubuntu/workspace/cms/artisan:0
[29-Jun-2017 14:06:03 UTC] PHP   2. Illuminate\Foundation\Console\Kernel->handle() /home/ubuntu/workspace/cms/artisan:36
[29-Jun-2017 14:06:03 UTC] PHP   3. Illuminate\Foundation\Console\Kernel->bootstrap() /home/ubuntu/workspace/cms/vendor/laravel/framework/src/Illuminate/Foundation/Console/Kernel.php:105
[29-Jun-2017 14:06:03 UTC] PHP   4. Illuminate\Foundation\Application->bootstrapWith() /home/ubuntu/workspace/cms/vendor/laravel/framework/src/Illuminate/Foundation/Console/Kernel.php:219
[29-Jun-2017 14:06:03 UTC] PHP   5. Illuminate\Foundation\Bootstrap\RegisterProviders->bootstrap() /home/ubuntu/workspace/cms/vendor/laravel/framework/src/Illuminate/Foundation/Application.php:203
[29-Jun-2017 14:06:03 UTC] PHP   6. Illuminate\Foundation\Application->registerConfiguredProviders() /home/ubuntu/workspace/cms/vendor/laravel/framework/src/Illuminate/Foundation/Bootstrap/RegisterProviders.php:17
[29-Jun-2017 14:06:03 UTC] PHP   7. Illuminate\Foundation\ProviderRepository->load() /home/ubuntu/workspace/cms/vendor/laravel/framework/src/Illuminate/Foundation/Application.php:530
[29-Jun-2017 14:06:03 UTC] PHP   8. Illuminate\Foundation\ProviderRepository->compileManifest() /home/ubuntu/workspace/cms/vendor/laravel/framework/src/Illuminate/Foundation/ProviderRepository.php:60
[29-Jun-2017 14:06:03 UTC] PHP   9. Illuminate\Foundation\ProviderRepository->createProvider() /home/ubuntu/workspace/cms/vendor/laravel/framework/src/Illuminate/Foundation/ProviderRepository.php:114
[29-Jun-2017 14:08:58 UTC] PHP Fatal error:  Class 'Barryvdh¥Debugbar¥ServiceProvider' not found in /home/ubuntu/workspace/cms/vendor/laravel/framework/src/Illuminate/Foundation/ProviderRepository.php on line 146
[29-Jun-2017 14:08:58 UTC] PHP Stack trace:
[29-Jun-2017 14:08:58 UTC] PHP   1. {main}() /home/ubuntu/workspace/cms/artisan:0
[29-Jun-2017 14:08:58 UTC] PHP   2. Illuminate\Foundation\Console\Kernel->handle() /home/ubuntu/workspace/cms/artisan:36
[29-Jun-2017 14:08:58 UTC] PHP   3. Illuminate\Foundation\Console\Kernel->bootstrap() /home/ubuntu/workspace/cms/vendor/laravel/framework/src/Illuminate/Foundation/Console/Kernel.php:105
[29-Jun-2017 14:08:58 UTC] PHP   4. Illuminate\Foundation\Application->bootstrapWith() /home/ubuntu/workspace/cms/vendor/laravel/framework/src/Illuminate/Foundation/Console/Kernel.php:219
[29-Jun-2017 14:08:58 UTC] PHP   5. Illuminate\Foundation\Bootstrap\RegisterProviders->bootstrap() /home/ubuntu/workspace/cms/vendor/laravel/framework/src/Illuminate/Foundation/Application.php:203
[29-Jun-2017 14:08:58 UTC] PHP   6. Illuminate\Foundation\Application->registerConfiguredProviders() /home/ubuntu/workspace/cms/vendor/laravel/framework/src/Illuminate/Foundation/Bootstrap/RegisterProviders.php:17
[29-Jun-2017 14:08:58 UTC] PHP   7. Illuminate\Foundation\ProviderRepository->load() /home/ubuntu/workspace/cms/vendor/laravel/framework/src/Illuminate/Foundation/Application.php:530
[29-Jun-2017 14:08:58 UTC] PHP   8. Illuminate\Foundation\ProviderRepository->compileManifest() /home/ubuntu/workspace/cms/vendor/laravel/framework/src/Illuminate/Foundation/ProviderRepository.php:60
[29-Jun-2017 14:08:58 UTC] PHP   9. Illuminate\Foundation\ProviderRepository->createProvider() /home/ubuntu/workspace/cms/vendor/laravel/framework/src/Illuminate/Foundation/ProviderRepository.php:114
[29-Jun-2017 14:11:26 UTC] PHP Fatal error:  Class 'Barryvdh¥Debugbar¥ServiceProvider' not found in /home/ubuntu/workspace/cms/vendor/laravel/framework/src/Illuminate/Foundation/ProviderRepository.php on line 146
[29-Jun-2017 14:11:26 UTC] PHP Stack trace:
[29-Jun-2017 14:11:26 UTC] PHP   1. {main}() /home/ubuntu/workspace/cms/artisan:0
[29-Jun-2017 14:11:26 UTC] PHP   2. Illuminate\Foundation\Console\Kernel->handle() /home/ubuntu/workspace/cms/artisan:36
[29-Jun-2017 14:11:26 UTC] PHP   3. Illuminate\Foundation\Console\Kernel->bootstrap() /home/ubuntu/workspace/cms/vendor/laravel/framework/src/Illuminate/Foundation/Console/Kernel.php:105
[29-Jun-2017 14:11:26 UTC] PHP   4. Illuminate\Foundation\Application->bootstrapWith() /home/ubuntu/workspace/cms/vendor/laravel/framework/src/Illuminate/Foundation/Console/Kernel.php:219
[29-Jun-2017 14:11:26 UTC] PHP   5. Illuminate\Foundation\Bootstrap\RegisterProviders->bootstrap() /home/ubuntu/workspace/cms/vendor/laravel/framework/src/Illuminate/Foundation/Application.php:203
[29-Jun-2017 14:11:26 UTC] PHP   6. Illuminate\Foundation\Application->registerConfiguredProviders() /home/ubuntu/workspace/cms/vendor/laravel/framework/src/Illuminate/Foundation/Bootstrap/RegisterProviders.php:17
[29-Jun-2017 14:11:26 UTC] PHP   7. Illuminate\Foundation\ProviderRepository->load() /home/ubuntu/workspace/cms/vendor/laravel/framework/src/Illuminate/Foundation/Application.php:530
[29-Jun-2017 14:11:26 UTC] PHP   8. Illuminate\Foundation\ProviderRepository->compileManifest() /home/ubuntu/workspace/cms/vendor/laravel/framework/src/Illuminate/Foundation/ProviderRepository.php:60
[29-Jun-2017 14:11:26 UTC] PHP   9. Illuminate\Foundation\ProviderRepository->createProvider() /home/ubuntu/workspace/cms/vendor/laravel/framework/src/Illuminate/Foundation/ProviderRepository.php:114
